{
  "RSpec": {
    "coverage": {
      "/home/shumai/Desktop/job/smartpension/SP Graduate Ruby test/ruby_app/othersol/mysol/spec/lib/file_parser_spec.rb": [
        1,
        1,
        null,
        1,
        3,
        3,
        3,
        1,
        1,
        1,
        null,
        null,
        null,
        null,
        null,
        null,
        1,
        1,
        1,
        1,
        null,
        1,
        1,
        null,
        null,
        null,
        null,
        null,
        1,
        3,
        3,
        3,
        null,
        1,
        1,
        1,
        1,
        null,
        1,
        1,
        null,
        null,
        null,
        null
      ],
      "/home/shumai/Desktop/job/smartpension/SP Graduate Ruby test/ruby_app/othersol/mysol/lib/file_parser.rb": [
        1,
        1,
        9,
        null,
        null,
        1,
        51,
        9,
        7,
        7,
        84,
        84,
        null,
        7,
        null,
        null,
        null,
        null
      ],
      "/home/shumai/Desktop/job/smartpension/SP Graduate Ruby test/ruby_app/othersol/mysol/spec/lib/page_views_analizer_spec.rb": [
        1,
        1,
        1,
        null,
        1,
        6,
        6,
        6,
        6,
        6,
        3,
        2,
        2,
        2,
        null,
        3,
        null,
        2,
        null,
        1,
        1,
        1,
        1,
        null,
        1,
        1,
        null,
        null,
        null,
        1,
        1,
        1,
        1,
        null,
        null,
        1,
        1,
        1,
        null,
        null,
        null,
        1,
        1,
        1,
        1,
        null,
        null,
        null,
        null,
        null
      ],
      "/home/shumai/Desktop/job/smartpension/SP Graduate Ruby test/ruby_app/othersol/mysol/lib/parsed_analizer.rb": [
        1,
        1,
        5,
        null,
        null,
        1,
        10,
        10,
        60,
        null,
        10,
        null,
        1,
        4,
        null,
        39,
        null,
        null,
        null,
        1,
        1,
        1,
        6,
        null,
        null,
        null
      ]
    },
    "timestamp": 1564129666
  }
}
