{
  "RSpec": {
    "coverage": {
      "/home/shumai/Desktop/job/smartpension/SP Graduate Ruby test/ruby_app/othersol/mysol/spec/lib/file_parser_spec.rb": [
        1,
        1,
        null,
        1,
        3,
        3,
        3,
        3,
        3,
        2,
        null,
        null,
        null,
        null,
        null,
        null,
        1,
        1,
        1,
        1,
        null,
        1,
        1,
        null,
        null,
        1,
        1,
        1,
        null,
        1,
        1,
        null,
        null,
        null,
        null
      ],
      "/home/shumai/Desktop/job/smartpension/SP Graduate Ruby test/ruby_app/othersol/mysol/lib/file_parser.rb": [
        1,
        1,
        1,
        51,
        9,
        7,
        7,
        84,
        84,
        null,
        7,
        null,
        null,
        null,
        null,
        1,
        1,
        4,
        4,
        24,
        null,
        4,
        null,
        1,
        3,
        29,
        null,
        null,
        1,
        7,
        null,
        null,
        null
      ],
      "/home/shumai/Desktop/job/smartpension/SP Graduate Ruby test/ruby_app/othersol/mysol/spec/lib/page_views_analizer_spec.rb": [
        1,
        1,
        null,
        1,
        6,
        6,
        5,
        3,
        2,
        2,
        null,
        4,
        null,
        2,
        null,
        1,
        1,
        1,
        1,
        null,
        1,
        1,
        null,
        null,
        null,
        1,
        1,
        1,
        1,
        null,
        null,
        1,
        1,
        1,
        null,
        null,
        null,
        1,
        1,
        1,
        1,
        null,
        null,
        null,
        null,
        null
      ]
    },
    "timestamp": 1562971733
  }
}
